{"/home/alex/IT-INCUBATOR/todolist/src/AddItemForm.tsx": {"path":"/home/alex/IT-INCUBATOR/todolist/src/AddItemForm.tsx","statementMap":{"0":{"start":{"line":11,"column":28},"end":{"line":11,"column":40}},"1":{"start":{"line":12,"column":28},"end":{"line":12,"column":52}},"2":{"start":{"line":14,"column":20},"end":{"line":21,"column":5}},"3":{"start":{"line":15,"column":8},"end":{"line":20,"column":9}},"4":{"start":{"line":16,"column":12},"end":{"line":16,"column":33}},"5":{"start":{"line":17,"column":12},"end":{"line":17,"column":25}},"6":{"start":{"line":19,"column":12},"end":{"line":19,"column":27}},"7":{"start":{"line":23,"column":28},"end":{"line":25,"column":5}},"8":{"start":{"line":24,"column":8},"end":{"line":24,"column":39}},"9":{"start":{"line":27,"column":30},"end":{"line":32,"column":5}},"10":{"start":{"line":28,"column":8},"end":{"line":28,"column":24}},"11":{"start":{"line":29,"column":8},"end":{"line":31,"column":9}},"12":{"start":{"line":30,"column":12},"end":{"line":30,"column":22}},"13":{"start":{"line":34,"column":4},"end":{"line":58,"column":10}}},"fnMap":{"0":{"name":"AddItemForm","decl":{"start":{"line":9,"column":16},"end":{"line":9,"column":27}},"loc":{"start":{"line":9,"column":57},"end":{"line":59,"column":1}},"line":9},"1":{"name":"(anonymous_1)","decl":{"start":{"line":14,"column":20},"end":{"line":14,"column":21}},"loc":{"start":{"line":14,"column":26},"end":{"line":21,"column":5}},"line":14},"2":{"name":"(anonymous_2)","decl":{"start":{"line":23,"column":28},"end":{"line":23,"column":29}},"loc":{"start":{"line":23,"column":66},"end":{"line":25,"column":5}},"line":23},"3":{"name":"(anonymous_3)","decl":{"start":{"line":27,"column":30},"end":{"line":27,"column":31}},"loc":{"start":{"line":27,"column":70},"end":{"line":32,"column":5}},"line":27}},"branchMap":{"0":{"loc":{"start":{"line":15,"column":8},"end":{"line":20,"column":9}},"type":"if","locations":[{"start":{"line":15,"column":8},"end":{"line":20,"column":9}},{"start":{"line":18,"column":15},"end":{"line":20,"column":9}}],"line":15},"1":{"loc":{"start":{"line":29,"column":8},"end":{"line":31,"column":9}},"type":"if","locations":[{"start":{"line":29,"column":8},"end":{"line":31,"column":9}},{"start":{},"end":{}}],"line":29},"2":{"loc":{"start":{"line":45,"column":26},"end":{"line":45,"column":66}},"type":"cond-expr","locations":[{"start":{"line":45,"column":34},"end":{"line":45,"column":53}},{"start":{"line":45,"column":56},"end":{"line":45,"column":66}}],"line":45},"3":{"loc":{"start":{"line":50,"column":30},"end":{"line":50,"column":50}},"type":"cond-expr","locations":[{"start":{"line":50,"column":38},"end":{"line":50,"column":45}},{"start":{"line":50,"column":48},"end":{"line":50,"column":50}}],"line":50}},"s":{"0":0,"1":0,"2":0,"3":0,"4":0,"5":0,"6":0,"7":0,"8":0,"9":0,"10":0,"11":0,"12":0,"13":0},"f":{"0":0,"1":0,"2":0,"3":0},"b":{"0":[0,0],"1":[0,0],"2":[0,0],"3":[0,0]}}
,"/home/alex/IT-INCUBATOR/todolist/src/App.tsx": {"path":"/home/alex/IT-INCUBATOR/todolist/src/App.tsx","statementMap":{"0":{"start":{"line":24,"column":28},"end":{"line":24,"column":45}},"1":{"start":{"line":26,"column":8},"end":{"line":26,"column":67}},"2":{"start":{"line":26,"column":54},"end":{"line":26,"column":65}},"3":{"start":{"line":28,"column":8},"end":{"line":28,"column":29}},"4":{"start":{"line":31,"column":19},"end":{"line":31,"column":58}},"5":{"start":{"line":33,"column":28},"end":{"line":33,"column":45}},"6":{"start":{"line":35,"column":8},"end":{"line":35,"column":53}},"7":{"start":{"line":37,"column":8},"end":{"line":37,"column":29}},"8":{"start":{"line":40,"column":23},"end":{"line":40,"column":65}},"9":{"start":{"line":40,"column":44},"end":{"line":40,"column":64}},"10":{"start":{"line":41,"column":8},"end":{"line":44,"column":9}},"11":{"start":{"line":42,"column":12},"end":{"line":42,"column":36}},"12":{"start":{"line":43,"column":12},"end":{"line":43,"column":40}},"13":{"start":{"line":48,"column":28},"end":{"line":48,"column":45}},"14":{"start":{"line":50,"column":19},"end":{"line":50,"column":55}},"15":{"start":{"line":50,"column":43},"end":{"line":50,"column":54}},"16":{"start":{"line":52,"column":8},"end":{"line":56,"column":9}},"17":{"start":{"line":53,"column":12},"end":{"line":53,"column":33}},"18":{"start":{"line":55,"column":12},"end":{"line":55,"column":33}},"19":{"start":{"line":61,"column":28},"end":{"line":61,"column":45}},"20":{"start":{"line":63,"column":19},"end":{"line":63,"column":55}},"21":{"start":{"line":63,"column":43},"end":{"line":63,"column":54}},"22":{"start":{"line":65,"column":8},"end":{"line":69,"column":9}},"23":{"start":{"line":66,"column":12},"end":{"line":66,"column":34}},"24":{"start":{"line":68,"column":12},"end":{"line":68,"column":33}},"25":{"start":{"line":73,"column":8},"end":{"line":73,"column":59}},"26":{"start":{"line":73,"column":44},"end":{"line":73,"column":56}},"27":{"start":{"line":75,"column":8},"end":{"line":75,"column":25}},"28":{"start":{"line":77,"column":8},"end":{"line":77,"column":29}},"29":{"start":{"line":80,"column":28},"end":{"line":80,"column":32}},"30":{"start":{"line":81,"column":40},"end":{"line":81,"column":88}},"31":{"start":{"line":82,"column":8},"end":{"line":82,"column":50}},"32":{"start":{"line":83,"column":8},"end":{"line":86,"column":10}},"33":{"start":{"line":90,"column":25},"end":{"line":90,"column":59}},"34":{"start":{"line":90,"column":46},"end":{"line":90,"column":58}},"35":{"start":{"line":91,"column":8},"end":{"line":95,"column":9}},"36":{"start":{"line":93,"column":12},"end":{"line":93,"column":35}},"37":{"start":{"line":94,"column":12},"end":{"line":94,"column":41}},"38":{"start":{"line":98,"column":22},"end":{"line":98,"column":26}},"39":{"start":{"line":99,"column":22},"end":{"line":99,"column":26}},"40":{"start":{"line":101,"column":36},"end":{"line":104,"column":6}},"41":{"start":{"line":106,"column":28},"end":{"line":115,"column":6}},"42":{"start":{"line":118,"column":4},"end":{"line":156,"column":6}},"43":{"start":{"line":128,"column":47},"end":{"line":128,"column":59}},"44":{"start":{"line":129,"column":47},"end":{"line":129,"column":63}},"45":{"start":{"line":131,"column":24},"end":{"line":131,"column":118}},"46":{"start":{"line":131,"column":51},"end":{"line":131,"column":118}},"47":{"start":{"line":131,"column":99},"end":{"line":131,"column":117}},"48":{"start":{"line":132,"column":24},"end":{"line":132,"column":120}},"49":{"start":{"line":132,"column":54},"end":{"line":132,"column":120}},"50":{"start":{"line":132,"column":102},"end":{"line":132,"column":119}},"51":{"start":{"line":134,"column":24},"end":{"line":151,"column":31}}},"fnMap":{"0":{"name":"App","decl":{"start":{"line":21,"column":9},"end":{"line":21,"column":12}},"loc":{"start":{"line":21,"column":15},"end":{"line":157,"column":1}},"line":21},"1":{"name":"removeTask","decl":{"start":{"line":22,"column":13},"end":{"line":22,"column":23}},"loc":{"start":{"line":22,"column":56},"end":{"line":29,"column":5}},"line":22},"2":{"name":"(anonymous_2)","decl":{"start":{"line":26,"column":49},"end":{"line":26,"column":50}},"loc":{"start":{"line":26,"column":54},"end":{"line":26,"column":65}},"line":26},"3":{"name":"addTask","decl":{"start":{"line":30,"column":13},"end":{"line":30,"column":20}},"loc":{"start":{"line":30,"column":56},"end":{"line":38,"column":5}},"line":30},"4":{"name":"changeFilter","decl":{"start":{"line":39,"column":13},"end":{"line":39,"column":25}},"loc":{"start":{"line":39,"column":71},"end":{"line":45,"column":5}},"line":39},"5":{"name":"(anonymous_5)","decl":{"start":{"line":40,"column":38},"end":{"line":40,"column":39}},"loc":{"start":{"line":40,"column":44},"end":{"line":40,"column":64}},"line":40},"6":{"name":"changeStatus","decl":{"start":{"line":46,"column":13},"end":{"line":46,"column":25}},"loc":{"start":{"line":46,"column":75},"end":{"line":57,"column":5}},"line":46},"7":{"name":"(anonymous_7)","decl":{"start":{"line":50,"column":38},"end":{"line":50,"column":39}},"loc":{"start":{"line":50,"column":43},"end":{"line":50,"column":54}},"line":50},"8":{"name":"changeTaskTitle","decl":{"start":{"line":59,"column":13},"end":{"line":59,"column":28}},"loc":{"start":{"line":59,"column":79},"end":{"line":70,"column":5}},"line":59},"9":{"name":"(anonymous_9)","decl":{"start":{"line":63,"column":38},"end":{"line":63,"column":39}},"loc":{"start":{"line":63,"column":43},"end":{"line":63,"column":54}},"line":63},"10":{"name":"removeTodolist","decl":{"start":{"line":71,"column":13},"end":{"line":71,"column":27}},"loc":{"start":{"line":71,"column":40},"end":{"line":78,"column":5}},"line":71},"11":{"name":"(anonymous_11)","decl":{"start":{"line":73,"column":38},"end":{"line":73,"column":39}},"loc":{"start":{"line":73,"column":44},"end":{"line":73,"column":56}},"line":73},"12":{"name":"addTodolist","decl":{"start":{"line":79,"column":13},"end":{"line":79,"column":24}},"loc":{"start":{"line":79,"column":40},"end":{"line":87,"column":5}},"line":79},"13":{"name":"changeTodolistTitle","decl":{"start":{"line":88,"column":13},"end":{"line":88,"column":32}},"loc":{"start":{"line":88,"column":60},"end":{"line":96,"column":5}},"line":88},"14":{"name":"(anonymous_14)","decl":{"start":{"line":90,"column":40},"end":{"line":90,"column":41}},"loc":{"start":{"line":90,"column":46},"end":{"line":90,"column":58}},"line":90},"15":{"name":"(anonymous_15)","decl":{"start":{"line":127,"column":35},"end":{"line":127,"column":36}},"loc":{"start":{"line":127,"column":41},"end":{"line":152,"column":21}},"line":127},"16":{"name":"(anonymous_16)","decl":{"start":{"line":131,"column":94},"end":{"line":131,"column":95}},"loc":{"start":{"line":131,"column":99},"end":{"line":131,"column":117}},"line":131},"17":{"name":"(anonymous_17)","decl":{"start":{"line":132,"column":97},"end":{"line":132,"column":98}},"loc":{"start":{"line":132,"column":102},"end":{"line":132,"column":119}},"line":132}},"branchMap":{"0":{"loc":{"start":{"line":41,"column":8},"end":{"line":44,"column":9}},"type":"if","locations":[{"start":{"line":41,"column":8},"end":{"line":44,"column":9}},{"start":{},"end":{}}],"line":41},"1":{"loc":{"start":{"line":52,"column":8},"end":{"line":56,"column":9}},"type":"if","locations":[{"start":{"line":52,"column":8},"end":{"line":56,"column":9}},{"start":{},"end":{}}],"line":52},"2":{"loc":{"start":{"line":65,"column":8},"end":{"line":69,"column":9}},"type":"if","locations":[{"start":{"line":65,"column":8},"end":{"line":69,"column":9}},{"start":{},"end":{}}],"line":65},"3":{"loc":{"start":{"line":91,"column":8},"end":{"line":95,"column":9}},"type":"if","locations":[{"start":{"line":91,"column":8},"end":{"line":95,"column":9}},{"start":{},"end":{}}],"line":91},"4":{"loc":{"start":{"line":131,"column":24},"end":{"line":131,"column":118}},"type":"if","locations":[{"start":{"line":131,"column":24},"end":{"line":131,"column":118}},{"start":{},"end":{}}],"line":131},"5":{"loc":{"start":{"line":132,"column":24},"end":{"line":132,"column":120}},"type":"if","locations":[{"start":{"line":132,"column":24},"end":{"line":132,"column":120}},{"start":{},"end":{}}],"line":132}},"s":{"0":0,"1":0,"2":0,"3":0,"4":0,"5":0,"6":0,"7":0,"8":0,"9":0,"10":0,"11":0,"12":0,"13":0,"14":0,"15":0,"16":0,"17":0,"18":0,"19":0,"20":0,"21":0,"22":0,"23":0,"24":0,"25":0,"26":0,"27":0,"28":0,"29":0,"30":0,"31":0,"32":0,"33":0,"34":0,"35":0,"36":0,"37":0,"38":0,"39":0,"40":0,"41":0,"42":0,"43":0,"44":0,"45":0,"46":0,"47":0,"48":0,"49":0,"50":0,"51":0},"f":{"0":0,"1":0,"2":0,"3":0,"4":0,"5":0,"6":0,"7":0,"8":0,"9":0,"10":0,"11":0,"12":0,"13":0,"14":0,"15":0,"16":0,"17":0},"b":{"0":[0,0],"1":[0,0],"2":[0,0],"3":[0,0],"4":[0,0],"5":[0,0]}}
,"/home/alex/IT-INCUBATOR/todolist/src/ButtonAppBar.tsx": {"path":"/home/alex/IT-INCUBATOR/todolist/src/ButtonAppBar.tsx","statementMap":{"0":{"start":{"line":11,"column":4},"end":{"line":31,"column":6}}},"fnMap":{"0":{"name":"ButtonAppBar","decl":{"start":{"line":10,"column":24},"end":{"line":10,"column":36}},"loc":{"start":{"line":10,"column":39},"end":{"line":32,"column":1}},"line":10}},"branchMap":{},"s":{"0":0},"f":{"0":0},"b":{}}
,"/home/alex/IT-INCUBATOR/todolist/src/EditableSpan.tsx": {"path":"/home/alex/IT-INCUBATOR/todolist/src/EditableSpan.tsx","statementMap":{"0":{"start":{"line":9,"column":34},"end":{"line":9,"column":49}},"1":{"start":{"line":10,"column":28},"end":{"line":10,"column":49}},"2":{"start":{"line":12,"column":29},"end":{"line":15,"column":5}},"3":{"start":{"line":13,"column":8},"end":{"line":13,"column":26}},"4":{"start":{"line":14,"column":8},"end":{"line":14,"column":30}},"5":{"start":{"line":16,"column":29},"end":{"line":19,"column":5}},"6":{"start":{"line":17,"column":8},"end":{"line":17,"column":27}},"7":{"start":{"line":18,"column":8},"end":{"line":18,"column":30}},"8":{"start":{"line":20,"column":24},"end":{"line":22,"column":5}},"9":{"start":{"line":21,"column":8},"end":{"line":21,"column":39}},"10":{"start":{"line":24,"column":4},"end":{"line":26,"column":69}}},"fnMap":{"0":{"name":"EditableSpan","decl":{"start":{"line":8,"column":16},"end":{"line":8,"column":28}},"loc":{"start":{"line":8,"column":59},"end":{"line":27,"column":1}},"line":8},"1":{"name":"(anonymous_1)","decl":{"start":{"line":12,"column":29},"end":{"line":12,"column":30}},"loc":{"start":{"line":12,"column":35},"end":{"line":15,"column":5}},"line":12},"2":{"name":"(anonymous_2)","decl":{"start":{"line":16,"column":29},"end":{"line":16,"column":30}},"loc":{"start":{"line":16,"column":35},"end":{"line":19,"column":5}},"line":16},"3":{"name":"(anonymous_3)","decl":{"start":{"line":20,"column":24},"end":{"line":20,"column":25}},"loc":{"start":{"line":20,"column":62},"end":{"line":22,"column":5}},"line":20}},"branchMap":{"0":{"loc":{"start":{"line":24,"column":11},"end":{"line":26,"column":69}},"type":"cond-expr","locations":[{"start":{"line":25,"column":10},"end":{"line":25,"column":91}},{"start":{"line":26,"column":10},"end":{"line":26,"column":69}}],"line":24}},"s":{"0":0,"1":0,"2":0,"3":0,"4":0,"5":0,"6":0,"7":0,"8":0,"9":0,"10":0},"f":{"0":0,"1":0,"2":0,"3":0},"b":{"0":[0,0]}}
,"/home/alex/IT-INCUBATOR/todolist/src/Todolist.tsx": {"path":"/home/alex/IT-INCUBATOR/todolist/src/Todolist.tsx","statementMap":{"0":{"start":{"line":30,"column":20},"end":{"line":32,"column":5}},"1":{"start":{"line":31,"column":8},"end":{"line":31,"column":39}},"2":{"start":{"line":34,"column":27},"end":{"line":36,"column":5}},"3":{"start":{"line":35,"column":8},"end":{"line":35,"column":39}},"4":{"start":{"line":37,"column":32},"end":{"line":39,"column":5}},"5":{"start":{"line":38,"column":8},"end":{"line":38,"column":51}},"6":{"start":{"line":41,"column":30},"end":{"line":41,"column":71}},"7":{"start":{"line":41,"column":36},"end":{"line":41,"column":71}},"8":{"start":{"line":42,"column":33},"end":{"line":42,"column":77}},"9":{"start":{"line":42,"column":39},"end":{"line":42,"column":77}},"10":{"start":{"line":43,"column":36},"end":{"line":43,"column":83}},"11":{"start":{"line":43,"column":42},"end":{"line":43,"column":83}},"12":{"start":{"line":45,"column":4},"end":{"line":87,"column":10}},"13":{"start":{"line":66,"column":43},"end":{"line":66,"column":81}},"14":{"start":{"line":66,"column":49},"end":{"line":66,"column":81}},"15":{"start":{"line":67,"column":44},"end":{"line":70,"column":21}},"16":{"start":{"line":68,"column":45},"end":{"line":68,"column":68}},"17":{"start":{"line":69,"column":24},"end":{"line":69,"column":79}},"18":{"start":{"line":71,"column":49},"end":{"line":73,"column":21}},"19":{"start":{"line":72,"column":24},"end":{"line":72,"column":72}},"20":{"start":{"line":76,"column":20},"end":{"line":83,"column":25}}},"fnMap":{"0":{"name":"Todolist","decl":{"start":{"line":29,"column":16},"end":{"line":29,"column":24}},"loc":{"start":{"line":29,"column":43},"end":{"line":88,"column":1}},"line":29},"1":{"name":"(anonymous_1)","decl":{"start":{"line":30,"column":20},"end":{"line":30,"column":21}},"loc":{"start":{"line":30,"column":39},"end":{"line":32,"column":5}},"line":30},"2":{"name":"(anonymous_2)","decl":{"start":{"line":34,"column":27},"end":{"line":34,"column":28}},"loc":{"start":{"line":34,"column":33},"end":{"line":36,"column":5}},"line":34},"3":{"name":"(anonymous_3)","decl":{"start":{"line":37,"column":32},"end":{"line":37,"column":33}},"loc":{"start":{"line":37,"column":51},"end":{"line":39,"column":5}},"line":37},"4":{"name":"(anonymous_4)","decl":{"start":{"line":41,"column":30},"end":{"line":41,"column":31}},"loc":{"start":{"line":41,"column":36},"end":{"line":41,"column":71}},"line":41},"5":{"name":"(anonymous_5)","decl":{"start":{"line":42,"column":33},"end":{"line":42,"column":34}},"loc":{"start":{"line":42,"column":39},"end":{"line":42,"column":77}},"line":42},"6":{"name":"(anonymous_6)","decl":{"start":{"line":43,"column":36},"end":{"line":43,"column":37}},"loc":{"start":{"line":43,"column":42},"end":{"line":43,"column":83}},"line":43},"7":{"name":"(anonymous_7)","decl":{"start":{"line":65,"column":32},"end":{"line":65,"column":33}},"loc":{"start":{"line":65,"column":37},"end":{"line":84,"column":17}},"line":65},"8":{"name":"(anonymous_8)","decl":{"start":{"line":66,"column":43},"end":{"line":66,"column":44}},"loc":{"start":{"line":66,"column":49},"end":{"line":66,"column":81}},"line":66},"9":{"name":"(anonymous_9)","decl":{"start":{"line":67,"column":44},"end":{"line":67,"column":45}},"loc":{"start":{"line":67,"column":82},"end":{"line":70,"column":21}},"line":67},"10":{"name":"(anonymous_10)","decl":{"start":{"line":71,"column":49},"end":{"line":71,"column":50}},"loc":{"start":{"line":71,"column":71},"end":{"line":73,"column":21}},"line":71}},"branchMap":{"0":{"loc":{"start":{"line":57,"column":33},"end":{"line":57,"column":81}},"type":"cond-expr","locations":[{"start":{"line":57,"column":58},"end":{"line":57,"column":68}},{"start":{"line":57,"column":70},"end":{"line":57,"column":81}}],"line":57},"1":{"loc":{"start":{"line":58,"column":33},"end":{"line":58,"column":84}},"type":"cond-expr","locations":[{"start":{"line":58,"column":61},"end":{"line":58,"column":71}},{"start":{"line":58,"column":73},"end":{"line":58,"column":84}}],"line":58},"2":{"loc":{"start":{"line":59,"column":33},"end":{"line":59,"column":87}},"type":"cond-expr","locations":[{"start":{"line":59,"column":64},"end":{"line":59,"column":74}},{"start":{"line":59,"column":76},"end":{"line":59,"column":87}}],"line":59},"3":{"loc":{"start":{"line":76,"column":53},"end":{"line":76,"column":78}},"type":"cond-expr","locations":[{"start":{"line":76,"column":64},"end":{"line":76,"column":73}},{"start":{"line":76,"column":76},"end":{"line":76,"column":78}}],"line":76}},"s":{"0":0,"1":0,"2":0,"3":0,"4":0,"5":0,"6":0,"7":0,"8":0,"9":0,"10":0,"11":0,"12":0,"13":0,"14":0,"15":0,"16":0,"17":0,"18":0,"19":0,"20":0},"f":{"0":0,"1":0,"2":0,"3":0,"4":0,"5":0,"6":0,"7":0,"8":0,"9":0,"10":0},"b":{"0":[0,0],"1":[0,0],"2":[0,0],"3":[0,0]}}
,"/home/alex/IT-INCUBATOR/todolist/src/index.tsx": {"path":"/home/alex/IT-INCUBATOR/todolist/src/index.tsx","statementMap":{"0":{"start":{"line":7,"column":0},"end":{"line":7,"column":59}},"1":{"start":{"line":12,"column":0},"end":{"line":12,"column":27}}},"fnMap":{},"branchMap":{},"s":{"0":0,"1":0},"f":{},"b":{}}
,"/home/alex/IT-INCUBATOR/todolist/src/serviceWorker.ts": {"path":"/home/alex/IT-INCUBATOR/todolist/src/serviceWorker.ts","statementMap":{"0":{"start":{"line":13,"column":20},"end":{"line":21,"column":1}},"1":{"start":{"line":29,"column":2},"end":{"line":62,"column":3}},"2":{"start":{"line":31,"column":22},"end":{"line":34,"column":5}},"3":{"start":{"line":35,"column":4},"end":{"line":40,"column":5}},"4":{"start":{"line":39,"column":6},"end":{"line":39,"column":13}},"5":{"start":{"line":42,"column":4},"end":{"line":61,"column":7}},"6":{"start":{"line":43,"column":20},"end":{"line":43,"column":65}},"7":{"start":{"line":45,"column":6},"end":{"line":60,"column":7}},"8":{"start":{"line":47,"column":8},"end":{"line":47,"column":47}},"9":{"start":{"line":51,"column":8},"end":{"line":56,"column":11}},"10":{"start":{"line":52,"column":10},"end":{"line":55,"column":12}},"11":{"start":{"line":59,"column":8},"end":{"line":59,"column":39}},"12":{"start":{"line":66,"column":2},"end":{"line":106,"column":7}},"13":{"start":{"line":69,"column":6},"end":{"line":102,"column":8}},"14":{"start":{"line":70,"column":33},"end":{"line":70,"column":56}},"15":{"start":{"line":71,"column":8},"end":{"line":73,"column":9}},"16":{"start":{"line":72,"column":10},"end":{"line":72,"column":17}},"17":{"start":{"line":74,"column":8},"end":{"line":101,"column":10}},"18":{"start":{"line":75,"column":10},"end":{"line":100,"column":11}},"19":{"start":{"line":76,"column":12},"end":{"line":99,"column":13}},"20":{"start":{"line":80,"column":14},"end":{"line":83,"column":16}},"21":{"start":{"line":86,"column":14},"end":{"line":88,"column":15}},"22":{"start":{"line":87,"column":16},"end":{"line":87,"column":46}},"23":{"start":{"line":93,"column":14},"end":{"line":93,"column":64}},"24":{"start":{"line":96,"column":14},"end":{"line":98,"column":15}},"25":{"start":{"line":97,"column":16},"end":{"line":97,"column":47}},"26":{"start":{"line":105,"column":6},"end":{"line":105,"column":72}},"27":{"start":{"line":111,"column":2},"end":{"line":136,"column":7}},"28":{"start":{"line":116,"column":26},"end":{"line":116,"column":62}},"29":{"start":{"line":117,"column":6},"end":{"line":130,"column":7}},"30":{"start":{"line":122,"column":8},"end":{"line":126,"column":11}},"31":{"start":{"line":123,"column":10},"end":{"line":125,"column":13}},"32":{"start":{"line":124,"column":12},"end":{"line":124,"column":37}},"33":{"start":{"line":129,"column":8},"end":{"line":129,"column":39}},"34":{"start":{"line":133,"column":6},"end":{"line":135,"column":8}},"35":{"start":{"line":140,"column":2},"end":{"line":148,"column":3}},"36":{"start":{"line":141,"column":4},"end":{"line":147,"column":9}},"37":{"start":{"line":143,"column":8},"end":{"line":143,"column":34}},"38":{"start":{"line":146,"column":8},"end":{"line":146,"column":37}}},"fnMap":{"0":{"name":"register","decl":{"start":{"line":28,"column":16},"end":{"line":28,"column":24}},"loc":{"start":{"line":28,"column":42},"end":{"line":63,"column":1}},"line":28},"1":{"name":"(anonymous_1)","decl":{"start":{"line":42,"column":36},"end":{"line":42,"column":37}},"loc":{"start":{"line":42,"column":42},"end":{"line":61,"column":5}},"line":42},"2":{"name":"(anonymous_2)","decl":{"start":{"line":51,"column":43},"end":{"line":51,"column":44}},"loc":{"start":{"line":51,"column":49},"end":{"line":56,"column":9}},"line":51},"3":{"name":"registerValidSW","decl":{"start":{"line":65,"column":9},"end":{"line":65,"column":24}},"loc":{"start":{"line":65,"column":57},"end":{"line":107,"column":1}},"line":65},"4":{"name":"(anonymous_4)","decl":{"start":{"line":68,"column":10},"end":{"line":68,"column":11}},"loc":{"start":{"line":68,"column":26},"end":{"line":103,"column":5}},"line":68},"5":{"name":"(anonymous_5)","decl":{"start":{"line":69,"column":35},"end":{"line":69,"column":36}},"loc":{"start":{"line":69,"column":41},"end":{"line":102,"column":7}},"line":69},"6":{"name":"(anonymous_6)","decl":{"start":{"line":74,"column":41},"end":{"line":74,"column":42}},"loc":{"start":{"line":74,"column":47},"end":{"line":101,"column":9}},"line":74},"7":{"name":"(anonymous_7)","decl":{"start":{"line":104,"column":11},"end":{"line":104,"column":12}},"loc":{"start":{"line":104,"column":20},"end":{"line":106,"column":5}},"line":104},"8":{"name":"checkValidServiceWorker","decl":{"start":{"line":109,"column":9},"end":{"line":109,"column":32}},"loc":{"start":{"line":109,"column":65},"end":{"line":137,"column":1}},"line":109},"9":{"name":"(anonymous_9)","decl":{"start":{"line":114,"column":10},"end":{"line":114,"column":11}},"loc":{"start":{"line":114,"column":22},"end":{"line":131,"column":5}},"line":114},"10":{"name":"(anonymous_10)","decl":{"start":{"line":122,"column":43},"end":{"line":122,"column":44}},"loc":{"start":{"line":122,"column":59},"end":{"line":126,"column":9}},"line":122},"11":{"name":"(anonymous_11)","decl":{"start":{"line":123,"column":41},"end":{"line":123,"column":42}},"loc":{"start":{"line":123,"column":47},"end":{"line":125,"column":11}},"line":123},"12":{"name":"(anonymous_12)","decl":{"start":{"line":132,"column":11},"end":{"line":132,"column":12}},"loc":{"start":{"line":132,"column":17},"end":{"line":136,"column":5}},"line":132},"13":{"name":"unregister","decl":{"start":{"line":139,"column":16},"end":{"line":139,"column":26}},"loc":{"start":{"line":139,"column":29},"end":{"line":149,"column":1}},"line":139},"14":{"name":"(anonymous_14)","decl":{"start":{"line":142,"column":12},"end":{"line":142,"column":13}},"loc":{"start":{"line":142,"column":28},"end":{"line":144,"column":7}},"line":142},"15":{"name":"(anonymous_15)","decl":{"start":{"line":145,"column":13},"end":{"line":145,"column":14}},"loc":{"start":{"line":145,"column":22},"end":{"line":147,"column":7}},"line":145}},"branchMap":{"0":{"loc":{"start":{"line":14,"column":2},"end":{"line":20,"column":5}},"type":"binary-expr","locations":[{"start":{"line":14,"column":2},"end":{"line":14,"column":42}},{"start":{"line":16,"column":4},"end":{"line":16,"column":40}},{"start":{"line":18,"column":4},"end":{"line":20,"column":5}}],"line":14},"1":{"loc":{"start":{"line":29,"column":2},"end":{"line":62,"column":3}},"type":"if","locations":[{"start":{"line":29,"column":2},"end":{"line":62,"column":3}},{"start":{},"end":{}}],"line":29},"2":{"loc":{"start":{"line":29,"column":6},"end":{"line":29,"column":75}},"type":"binary-expr","locations":[{"start":{"line":29,"column":6},"end":{"line":29,"column":43}},{"start":{"line":29,"column":47},"end":{"line":29,"column":75}}],"line":29},"3":{"loc":{"start":{"line":35,"column":4},"end":{"line":40,"column":5}},"type":"if","locations":[{"start":{"line":35,"column":4},"end":{"line":40,"column":5}},{"start":{},"end":{}}],"line":35},"4":{"loc":{"start":{"line":45,"column":6},"end":{"line":60,"column":7}},"type":"if","locations":[{"start":{"line":45,"column":6},"end":{"line":60,"column":7}},{"start":{"line":57,"column":13},"end":{"line":60,"column":7}}],"line":45},"5":{"loc":{"start":{"line":71,"column":8},"end":{"line":73,"column":9}},"type":"if","locations":[{"start":{"line":71,"column":8},"end":{"line":73,"column":9}},{"start":{},"end":{}}],"line":71},"6":{"loc":{"start":{"line":75,"column":10},"end":{"line":100,"column":11}},"type":"if","locations":[{"start":{"line":75,"column":10},"end":{"line":100,"column":11}},{"start":{},"end":{}}],"line":75},"7":{"loc":{"start":{"line":76,"column":12},"end":{"line":99,"column":13}},"type":"if","locations":[{"start":{"line":76,"column":12},"end":{"line":99,"column":13}},{"start":{"line":89,"column":19},"end":{"line":99,"column":13}}],"line":76},"8":{"loc":{"start":{"line":86,"column":14},"end":{"line":88,"column":15}},"type":"if","locations":[{"start":{"line":86,"column":14},"end":{"line":88,"column":15}},{"start":{},"end":{}}],"line":86},"9":{"loc":{"start":{"line":86,"column":18},"end":{"line":86,"column":43}},"type":"binary-expr","locations":[{"start":{"line":86,"column":18},"end":{"line":86,"column":24}},{"start":{"line":86,"column":28},"end":{"line":86,"column":43}}],"line":86},"10":{"loc":{"start":{"line":96,"column":14},"end":{"line":98,"column":15}},"type":"if","locations":[{"start":{"line":96,"column":14},"end":{"line":98,"column":15}},{"start":{},"end":{}}],"line":96},"11":{"loc":{"start":{"line":96,"column":18},"end":{"line":96,"column":44}},"type":"binary-expr","locations":[{"start":{"line":96,"column":18},"end":{"line":96,"column":24}},{"start":{"line":96,"column":28},"end":{"line":96,"column":44}}],"line":96},"12":{"loc":{"start":{"line":117,"column":6},"end":{"line":130,"column":7}},"type":"if","locations":[{"start":{"line":117,"column":6},"end":{"line":130,"column":7}},{"start":{"line":127,"column":13},"end":{"line":130,"column":7}}],"line":117},"13":{"loc":{"start":{"line":118,"column":8},"end":{"line":119,"column":73}},"type":"binary-expr","locations":[{"start":{"line":118,"column":8},"end":{"line":118,"column":31}},{"start":{"line":119,"column":9},"end":{"line":119,"column":28}},{"start":{"line":119,"column":32},"end":{"line":119,"column":72}}],"line":118},"14":{"loc":{"start":{"line":140,"column":2},"end":{"line":148,"column":3}},"type":"if","locations":[{"start":{"line":140,"column":2},"end":{"line":148,"column":3}},{"start":{},"end":{}}],"line":140}},"s":{"0":0,"1":0,"2":0,"3":0,"4":0,"5":0,"6":0,"7":0,"8":0,"9":0,"10":0,"11":0,"12":0,"13":0,"14":0,"15":0,"16":0,"17":0,"18":0,"19":0,"20":0,"21":0,"22":0,"23":0,"24":0,"25":0,"26":0,"27":0,"28":0,"29":0,"30":0,"31":0,"32":0,"33":0,"34":0,"35":0,"36":0,"37":0,"38":0},"f":{"0":0,"1":0,"2":0,"3":0,"4":0,"5":0,"6":0,"7":0,"8":0,"9":0,"10":0,"11":0,"12":0,"13":0,"14":0,"15":0},"b":{"0":[0,0,0],"1":[0,0],"2":[0,0],"3":[0,0],"4":[0,0],"5":[0,0],"6":[0,0],"7":[0,0],"8":[0,0],"9":[0,0],"10":[0,0],"11":[0,0],"12":[0,0],"13":[0,0,0],"14":[0,0]}}
,"/home/alex/IT-INCUBATOR/todolist/src/store/tasks.ts": {"path":"/home/alex/IT-INCUBATOR/todolist/src/store/tasks.ts","statementMap":{"0":{"start":{"line":1,"column":25},"end":{"line":1,"column":74}},"1":{"start":{"line":1,"column":60},"end":{"line":1,"column":74}},"2":{"start":{"line":2,"column":26},"end":{"line":2,"column":75}},"3":{"start":{"line":2,"column":61},"end":{"line":2,"column":75}},"4":{"start":{"line":3,"column":25},"end":{"line":3,"column":86}},"5":{"start":{"line":3,"column":66},"end":{"line":3,"column":86}},"6":{"start":{"line":4,"column":25},"end":{"line":4,"column":86}},"7":{"start":{"line":4,"column":66},"end":{"line":4,"column":86}},"8":{"start":{"line":34,"column":29},"end":{"line":46,"column":1}},"9":{"start":{"line":35,"column":4},"end":{"line":45,"column":5}},"10":{"start":{"line":37,"column":12},"end":{"line":37,"column":40}},"11":{"start":{"line":39,"column":12},"end":{"line":39,"column":40}},"12":{"start":{"line":42,"column":12},"end":{"line":42,"column":46}},"13":{"start":{"line":44,"column":12},"end":{"line":44,"column":25}}},"fnMap":{"0":{"name":"(anonymous_0)","decl":{"start":{"line":1,"column":25},"end":{"line":1,"column":26}},"loc":{"start":{"line":1,"column":60},"end":{"line":1,"column":74}},"line":1},"1":{"name":"(anonymous_1)","decl":{"start":{"line":2,"column":26},"end":{"line":2,"column":27}},"loc":{"start":{"line":2,"column":61},"end":{"line":2,"column":75}},"line":2},"2":{"name":"(anonymous_2)","decl":{"start":{"line":3,"column":25},"end":{"line":3,"column":26}},"loc":{"start":{"line":3,"column":66},"end":{"line":3,"column":86}},"line":3},"3":{"name":"(anonymous_3)","decl":{"start":{"line":4,"column":25},"end":{"line":4,"column":26}},"loc":{"start":{"line":4,"column":66},"end":{"line":4,"column":86}},"line":4},"4":{"name":"(anonymous_4)","decl":{"start":{"line":34,"column":29},"end":{"line":34,"column":30}},"loc":{"start":{"line":34,"column":69},"end":{"line":46,"column":1}},"line":34}},"branchMap":{"0":{"loc":{"start":{"line":35,"column":4},"end":{"line":45,"column":5}},"type":"switch","locations":[{"start":{"line":36,"column":8},"end":{"line":37,"column":40}},{"start":{"line":38,"column":8},"end":{"line":39,"column":40}},{"start":{"line":40,"column":8},"end":{"line":40,"column":26}},{"start":{"line":41,"column":8},"end":{"line":42,"column":46}},{"start":{"line":43,"column":8},"end":{"line":44,"column":25}}],"line":35}},"s":{"0":1,"1":0,"2":1,"3":0,"4":1,"5":0,"6":1,"7":0,"8":1,"9":1,"10":0,"11":0,"12":1,"13":0},"f":{"0":0,"1":0,"2":0,"3":0,"4":1},"b":{"0":[0,0,0,1,0]},"_coverageSchema":"1a1c01bbd47fc00a2c39e90264f33305004495a9","hash":"9c6ae847b40ba5f5abc6021bf6b758141267472e"}
,"/home/alex/IT-INCUBATOR/todolist/src/store/todolists-reducers.ts": {"path":"/home/alex/IT-INCUBATOR/todolist/src/store/todolists-reducers.ts","statementMap":{"0":{"start":{"line":23,"column":32},"end":{"line":46,"column":1}},"1":{"start":{"line":24,"column":4},"end":{"line":45,"column":5}},"2":{"start":{"line":26,"column":12},"end":{"line":26,"column":62}},"3":{"start":{"line":26,"column":42},"end":{"line":26,"column":61}},"4":{"start":{"line":28,"column":32},"end":{"line":28,"column":36}},"5":{"start":{"line":29,"column":12},"end":{"line":29,"column":91}},"6":{"start":{"line":31,"column":27},"end":{"line":31,"column":68}},"7":{"start":{"line":31,"column":48},"end":{"line":31,"column":67}},"8":{"start":{"line":32,"column":12},"end":{"line":34,"column":13}},"9":{"start":{"line":33,"column":16},"end":{"line":33,"column":48}},"10":{"start":{"line":35,"column":12},"end":{"line":35,"column":33}},"11":{"start":{"line":37,"column":28},"end":{"line":37,"column":69}},"12":{"start":{"line":37,"column":49},"end":{"line":37,"column":68}},"13":{"start":{"line":38,"column":12},"end":{"line":41,"column":13}},"14":{"start":{"line":40,"column":16},"end":{"line":40,"column":47}},"15":{"start":{"line":42,"column":16},"end":{"line":42,"column":37}},"16":{"start":{"line":44,"column":12},"end":{"line":44,"column":28}},"17":{"start":{"line":48,"column":32},"end":{"line":50,"column":1}},"18":{"start":{"line":49,"column":4},"end":{"line":49,"column":40}},"19":{"start":{"line":51,"column":29},"end":{"line":53,"column":1}},"20":{"start":{"line":52,"column":4},"end":{"line":52,"column":40}},"21":{"start":{"line":54,"column":37},"end":{"line":56,"column":1}},"22":{"start":{"line":55,"column":4},"end":{"line":55,"column":53}},"23":{"start":{"line":57,"column":38},"end":{"line":59,"column":1}},"24":{"start":{"line":58,"column":4},"end":{"line":58,"column":55}}},"fnMap":{"0":{"name":"(anonymous_0)","decl":{"start":{"line":23,"column":32},"end":{"line":23,"column":33}},"loc":{"start":{"line":23,"column":109},"end":{"line":46,"column":1}},"line":23},"1":{"name":"(anonymous_1)","decl":{"start":{"line":26,"column":36},"end":{"line":26,"column":37}},"loc":{"start":{"line":26,"column":42},"end":{"line":26,"column":61}},"line":26},"2":{"name":"(anonymous_2)","decl":{"start":{"line":31,"column":42},"end":{"line":31,"column":43}},"loc":{"start":{"line":31,"column":48},"end":{"line":31,"column":67}},"line":31},"3":{"name":"(anonymous_3)","decl":{"start":{"line":37,"column":43},"end":{"line":37,"column":44}},"loc":{"start":{"line":37,"column":49},"end":{"line":37,"column":68}},"line":37},"4":{"name":"(anonymous_4)","decl":{"start":{"line":48,"column":32},"end":{"line":48,"column":33}},"loc":{"start":{"line":48,"column":65},"end":{"line":50,"column":1}},"line":48},"5":{"name":"(anonymous_5)","decl":{"start":{"line":51,"column":29},"end":{"line":51,"column":30}},"loc":{"start":{"line":51,"column":62},"end":{"line":53,"column":1}},"line":51},"6":{"name":"(anonymous_6)","decl":{"start":{"line":54,"column":37},"end":{"line":54,"column":38}},"loc":{"start":{"line":54,"column":90},"end":{"line":56,"column":1}},"line":54},"7":{"name":"(anonymous_7)","decl":{"start":{"line":57,"column":38},"end":{"line":57,"column":39}},"loc":{"start":{"line":57,"column":103},"end":{"line":59,"column":1}},"line":57}},"branchMap":{"0":{"loc":{"start":{"line":24,"column":4},"end":{"line":45,"column":5}},"type":"switch","locations":[{"start":{"line":25,"column":8},"end":{"line":26,"column":62}},{"start":{"line":27,"column":8},"end":{"line":29,"column":91}},{"start":{"line":30,"column":8},"end":{"line":35,"column":33}},{"start":{"line":36,"column":8},"end":{"line":42,"column":37}},{"start":{"line":43,"column":8},"end":{"line":44,"column":28}}],"line":24},"1":{"loc":{"start":{"line":32,"column":12},"end":{"line":34,"column":13}},"type":"if","locations":[{"start":{"line":32,"column":12},"end":{"line":34,"column":13}},{"start":{},"end":{}}],"line":32},"2":{"loc":{"start":{"line":38,"column":12},"end":{"line":41,"column":13}},"type":"if","locations":[{"start":{"line":38,"column":12},"end":{"line":41,"column":13}},{"start":{},"end":{}}],"line":38}},"s":{"0":0,"1":0,"2":0,"3":0,"4":0,"5":0,"6":0,"7":0,"8":0,"9":0,"10":0,"11":0,"12":0,"13":0,"14":0,"15":0,"16":0,"17":0,"18":0,"19":0,"20":0,"21":0,"22":0,"23":0,"24":0},"f":{"0":0,"1":0,"2":0,"3":0,"4":0,"5":0,"6":0,"7":0},"b":{"0":[0,0,0,0,0],"1":[0,0],"2":[0,0]}}
}
